<?xml version="1.0" encoding="UTF-8"?>
<!-- Generated by org.testng.reporters.JUnitReportReporter -->
<testsuite hostname="DESKTOP-3LK1083" failures="0" tests="4" name="com.justdial.testcases.FitnessTestCases" time="5.009" errors="0" timestamp="04 Aug 2021 10:53:24 GMT" skipped="0">
  <testcase classname="com.justdial.testcases.FitnessTestCases" name="fitness" time="3.068"/>
  <testcase classname="com.justdial.testcases.FitnessTestCases" name="fitnessMenu" time="0.079"/>
  <testcase classname="com.justdial.testcases.FitnessTestCases" name="gym" time="1.711"/>
  <testcase classname="com.justdial.testcases.FitnessTestCases" name="gymMenu" time="0.151"/>
</testsuite> <!-- com.justdial.testcases.FitnessTestCases -->
